<?xml version="1.0" encoding="UTF-8"?>
<!-- Generated by org.testng.reporters.JUnitXMLReporter -->
<testsuite hostname="Mohan-PC" ignored="0" name="Command line test" tests="9" failures="2" timestamp="18 Apr 2018 23:38:23 GMT" time="244.034" errors="0">
  <testcase name="checkRememberMe on null(com.selenium.maven.com.selenium.AppTest)" time="27.802" classname="com.selenium.maven.com.selenium.AppTest"/>
  <testcase name="createAccountT10 on null(com.selenium.maven.com.selenium.AppTest)" time="38.942" classname="com.selenium.maven.com.selenium.AppTest"/>
  <testcase name="createNewViewT11 on null(com.selenium.maven.com.selenium.AppTest)" time="51.904" classname="com.selenium.maven.com.selenium.AppTest">
    <failure type="org.openqa.selenium.NoSuchElementException" message="Unable to locate element: .//*[contains(@id,&amp;apos;listSelect&amp;apos;)]
For documentation on this error, please visit: http://seleniumhq.org/exceptions/no_such_element.html
Build info: version: &amp;apos;3.11.0&amp;apos;, revision: &amp;apos;e59cfb3&amp;apos;, time: &amp;apos;2018-03-11T20:26:55.152Z&amp;apos;
System info: host: &amp;apos;MOHAN-PC&amp;apos;, ip: &amp;apos;10.0.0.237&amp;apos;, os.name: &amp;apos;Windows 7&amp;apos;, os.arch: &amp;apos;amd64&amp;apos;, os.version: &amp;apos;6.1&amp;apos;, java.version: &amp;apos;1.8.0_151&amp;apos;
Driver info: org.openqa.selenium.firefox.FirefoxDriver
Capabilities {acceptInsecureCerts: true, browserName: firefox, browserVersion: 54.0.1, javascriptEnabled: true, moz:accessibilityChecks: false, moz:processID: 5528, moz:profile: C:\Users\Mohan\AppData\Loca..., pageLoadStrategy: normal, platform: XP, platformName: XP, platformVersion: 6.1, rotatable: false, specificationLevel: 0, timeouts: {implicit: 0, pageLoad: 300000, script: 30000}}
Session ID: 0fdf0421-cfeb-4a39-b390-c53f7fde1e1f
*** Element info: {Using=xpath, value=.//*[contains(@id,&amp;apos;listSelect&amp;apos;)]}">
      <![CDATA[org.openqa.selenium.NoSuchElementException: Unable to locate element: .//*[contains(@id,'listSelect')]
For documentation on this error, please visit: http://seleniumhq.org/exceptions/no_such_element.html
Build info: version: '3.11.0', revision: 'e59cfb3', time: '2018-03-11T20:26:55.152Z'
System info: host: 'MOHAN-PC', ip: '10.0.0.237', os.name: 'Windows 7', os.arch: 'amd64', os.version: '6.1', java.version: '1.8.0_151'
Driver info: org.openqa.selenium.firefox.FirefoxDriver
Capabilities {acceptInsecureCerts: true, browserName: firefox, browserVersion: 54.0.1, javascriptEnabled: true, moz:accessibilityChecks: false, moz:processID: 5528, moz:profile: C:\Users\Mohan\AppData\Loca..., pageLoadStrategy: normal, platform: XP, platformName: XP, platformVersion: 6.1, rotatable: false, specificationLevel: 0, timeouts: {implicit: 0, pageLoad: 300000, script: 30000}}
Session ID: 0fdf0421-cfeb-4a39-b390-c53f7fde1e1f
*** Element info: {Using=xpath, value=.//*[contains(@id,'listSelect')]}
at org.openqa.selenium.remote.http.W3CHttpResponseCodec.createException(W3CHttpResponseCodec.java:187)
at org.openqa.selenium.remote.http.W3CHttpResponseCodec.decode(W3CHttpResponseCodec.java:122)
at org.openqa.selenium.remote.http.W3CHttpResponseCodec.decode(W3CHttpResponseCodec.java:49)
at org.openqa.selenium.remote.HttpCommandExecutor.execute(HttpCommandExecutor.java:158)
at org.openqa.selenium.remote.service.DriverCommandExecutor.execute(DriverCommandExecutor.java:83)
at org.openqa.selenium.remote.RemoteWebDriver.execute(RemoteWebDriver.java:545)
at org.openqa.selenium.remote.RemoteWebDriver.findElement(RemoteWebDriver.java:319)
at org.openqa.selenium.remote.RemoteWebDriver.findElementByXPath(RemoteWebDriver.java:421)
at org.openqa.selenium.By$ByXPath.findElement(By.java:361)
at org.openqa.selenium.remote.RemoteWebDriver.findElement(RemoteWebDriver.java:311)
at com.selenium.maven.com.selenium.AppTest.createNewViewT11(AppTest.java:62)
... Removed 38 stack frames]]>
    </failure>
  </testcase> <!-- createNewViewT11 on null(com.selenium.maven.com.selenium.AppTest) -->
  <testcase name="loginToSDFC on null(com.selenium.maven.com.selenium.AppTest)" time="18.58" classname="com.selenium.maven.com.selenium.AppTest"/>
  <testcase name="logoutUsermenuT09 on null(com.selenium.maven.com.selenium.AppTest)" time="32.921" classname="com.selenium.maven.com.selenium.AppTest"/>
  <testcase name="navigateToSDFC on null(com.selenium.maven.com.selenium.AppTest)" time="14.506" classname="com.selenium.maven.com.selenium.AppTest"/>
  <testcase name="testCase6 on null(com.selenium.maven.com.selenium.AppTest)" time="24.31" classname="com.selenium.maven.com.selenium.AppTest">
    <failure type="org.openqa.selenium.StaleElementReferenceException" message="The element reference of &amp;lt;span id=&amp;quot;tailBreadcrumbNode&amp;quot; class=&amp;quot;tailNode cxTailNode&amp;quot;&amp;gt; stale: either the element is no longer attached to the DOM or the page has been refreshed
For documentation on this error, please visit: http://seleniumhq.org/exceptions/stale_element_reference.html
Build info: version: &amp;apos;3.11.0&amp;apos;, revision: &amp;apos;e59cfb3&amp;apos;, time: &amp;apos;2018-03-11T20:26:55.152Z&amp;apos;
System info: host: &amp;apos;MOHAN-PC&amp;apos;, ip: &amp;apos;10.0.0.237&amp;apos;, os.name: &amp;apos;Windows 7&amp;apos;, os.arch: &amp;apos;amd64&amp;apos;, os.version: &amp;apos;6.1&amp;apos;, java.version: &amp;apos;1.8.0_151&amp;apos;
Driver info: org.openqa.selenium.firefox.FirefoxDriver
Capabilities {acceptInsecureCerts: true, browserName: firefox, browserVersion: 54.0.1, javascriptEnabled: true, moz:accessibilityChecks: false, moz:processID: 7184, moz:profile: C:\Users\Mohan\AppData\Loca..., pageLoadStrategy: normal, platform: XP, platformName: XP, platformVersion: 6.1, rotatable: false, specificationLevel: 0, timeouts: {implicit: 0, pageLoad: 300000, script: 30000}}
Session ID: 272275ba-d8b7-4e10-9155-34330dd65877">
      <![CDATA[org.openqa.selenium.StaleElementReferenceException: The element reference of <span id="tailBreadcrumbNode" class="tailNode cxTailNode"> stale: either the element is no longer attached to the DOM or the page has been refreshed
For documentation on this error, please visit: http://seleniumhq.org/exceptions/stale_element_reference.html
Build info: version: '3.11.0', revision: 'e59cfb3', time: '2018-03-11T20:26:55.152Z'
System info: host: 'MOHAN-PC', ip: '10.0.0.237', os.name: 'Windows 7', os.arch: 'amd64', os.version: '6.1', java.version: '1.8.0_151'
Driver info: org.openqa.selenium.firefox.FirefoxDriver
Capabilities {acceptInsecureCerts: true, browserName: firefox, browserVersion: 54.0.1, javascriptEnabled: true, moz:accessibilityChecks: false, moz:processID: 7184, moz:profile: C:\Users\Mohan\AppData\Loca..., pageLoadStrategy: normal, platform: XP, platformName: XP, platformVersion: 6.1, rotatable: false, specificationLevel: 0, timeouts: {implicit: 0, pageLoad: 300000, script: 30000}}
Session ID: 272275ba-d8b7-4e10-9155-34330dd65877
at org.openqa.selenium.remote.http.W3CHttpResponseCodec.createException(W3CHttpResponseCodec.java:187)
at org.openqa.selenium.remote.http.W3CHttpResponseCodec.decode(W3CHttpResponseCodec.java:122)
at org.openqa.selenium.remote.http.W3CHttpResponseCodec.decode(W3CHttpResponseCodec.java:49)
at org.openqa.selenium.remote.HttpCommandExecutor.execute(HttpCommandExecutor.java:158)
at org.openqa.selenium.remote.service.DriverCommandExecutor.execute(DriverCommandExecutor.java:83)
at org.openqa.selenium.remote.RemoteWebDriver.execute(RemoteWebDriver.java:545)
at org.openqa.selenium.remote.RemoteWebElement.execute(RemoteWebElement.java:279)
at org.openqa.selenium.remote.RemoteWebElement.getText(RemoteWebElement.java:160)
at com.utitlity.DriverUtility.validateText(DriverUtility.java:121)
at com.selenium.maven.com.selenium.AppTest.testCase6(AppTest.java:193)
... Removed 38 stack frames]]>
    </failure>
  </testcase> <!-- testCase6 on null(com.selenium.maven.com.selenium.AppTest) -->
  <testcase name="userMenuDropDown on null(com.selenium.maven.com.selenium.AppTest)" time="21.102" classname="com.selenium.maven.com.selenium.AppTest"/>
  <testcase name="validateLoginErrorMessage on null(com.selenium.maven.com.selenium.AppTest)" time="13.907" classname="com.selenium.maven.com.selenium.AppTest"/>
</testsuite> <!-- Command line test -->
